<?xml version="1.0" encoding="UTF-8"?>
<!-- Generated by org.testng.reporters.JUnitReportReporter -->
<testsuite skipped="0" hostname="Priya-PC" name="com.inetBankingv1.testCases.Baseclass" tests="1" failures="0" timestamp="02 May 2021 19:05:14 GMT" time="10.605" errors="0">
  <testcase name="setup" time="10.605" classname="com.inetBankingv1.testCases.Baseclass"/>
</testsuite> <!-- com.inetBankingv1.testCases.Baseclass -->
