<?xml version="1.0" encoding="UTF-8"?>
<!-- Generated by org.testng.reporters.JUnitReportReporter -->
<testsuite skipped="0" hostname="Priya-PC" name="com.inetBankingv1.testCases.Tc_AddCustomerTest_003" tests="1" failures="0" timestamp="13 May 2021 08:19:05 GMT" time="16.385" errors="0">
  <testcase name="addNewCustomer" time="16.385" classname="com.inetBankingv1.testCases.Tc_AddCustomerTest_003"/>
</testsuite> <!-- com.inetBankingv1.testCases.Tc_AddCustomerTest_003 -->
