<?xml version="1.0" encoding="UTF-8"?>
<!-- Generated by org.testng.reporters.JUnitReportReporter -->
<testsuite skipped="0" hostname="Priya-PC" name="com.inetBankingv1.utilities.Reporting" tests="1" failures="0" timestamp="09 May 2021 18:53:55 GMT" time="83.307" errors="0">
  <testcase name="onStart" time="83.307" classname="com.inetBankingv1.utilities.Reporting"/>
</testsuite> <!-- com.inetBankingv1.utilities.Reporting -->
