<?xml version="1.0" encoding="UTF-8"?>
<!-- Generated by org.testng.reporters.JUnitReportReporter -->
<testsuite skipped="0" hostname="Priya-PC" name="com.inetBankingv1.testCases.Tc_LoginTest_001" tests="1" failures="0" timestamp="07 May 2021 10:08:17 GMT" time="3.820" errors="0">
  <testcase name="loginTest" time="3.820" classname="com.inetBankingv1.testCases.Tc_LoginTest_001"/>
</testsuite> <!-- com.inetBankingv1.testCases.Tc_LoginTest_001 -->
