<?xml version="1.0" encoding="UTF-8"?>
<!-- Generated by org.testng.reporters.JUnitReportReporter -->
<testsuite skipped="0" hostname="Priya-PC" name="com.inetBankingv1.testCases.Tc_AddCustomerTest_003" tests="1" failures="0" timestamp="2021-05-13T15:17:38 IST" time="17.776" errors="0">
  <testcase name="addNewCustomer" time="17.776" classname="com.inetBankingv1.testCases.Tc_AddCustomerTest_003"/>
  <system-out/>
</testsuite> <!-- com.inetBankingv1.testCases.Tc_AddCustomerTest_003 -->
